# JRE version: Java(TM) SE Runtime Environment (17.0.12+8) (build 17.0.12+8-LTS-286)
# Java VM: Java HotSpot(TM) 64-Bit Server VM (17.0.12+8-LTS-286, mixed mode, sharing, tiered, compressed oops, compressed class ptrs, g1 gc, windows-amd64)
GC Precious Log:
 CPUs: 8 total, 8 available
 Memory: 7806M
 Large Page Support: Disabled
 NUMA Support: Disabled
 Compressed Oops: Enabled (32-bit)
 Heap Region Size: 1M
 Heap Min Capacity: 8M
 Heap Initial Capacity: 122M
 Heap Max Capacity: 1952M
 Pre-touch: Disabled
 Parallel Workers: 8
 Concurrent Workers: 2
 Concurrent Refinement Workers: 8
 Periodic GC: Disabled
Heap:
 garbage-first heap   total 81920K, used 58725K [0x0000000086000000, 0x0000000100000000)
  region size 1024K, 25 young (25600K), 2 survivors (2048K)
 Metaspace       used 57309K, committed 57856K, reserved 1114112K
  class space    used 7373K, committed 7680K, reserved 1048576K
GC Heap History (20 events):
Event: 1.695 GC heap before
{Heap before GC invocations=5 (full 0):
 garbage-first heap   total 51200K, used 16889K [0x0000000086000000, 0x0000000100000000)
  region size 1024K, 7 young (7168K), 6 survivors (6144K)
 Metaspace       used 23191K, committed 23552K, reserved 1114112K
  class space    used 2832K, committed 3008K, reserved 1048576K
}
Event: 1.699 GC heap after
{Heap after GC invocations=6 (full 0):
 garbage-first heap   total 51200K, used 16696K [0x0000000086000000, 0x0000000100000000)
  region size 1024K, 1 young (1024K), 1 survivors (1024K)
 Metaspace       used 23191K, committed 23552K, reserved 1114112K
  class space    used 2832K, committed 3008K, reserved 1048576K
}
Event: 1.930 GC heap before
{Heap before GC invocations=6 (full 0):
 garbage-first heap   total 51200K, used 35128K [0x0000000086000000, 0x0000000100000000)
  region size 1024K, 19 young (19456K), 1 survivors (1024K)
 Metaspace       used 25361K, committed 25600K, reserved 1114112K
  class space    used 3127K, committed 3264K, reserved 1048576K
}
Event: 1.932 GC heap after
{Heap after GC invocations=7 (full 0):
 garbage-first heap   total 51200K, used 17258K [0x0000000086000000, 0x0000000100000000)
  region size 1024K, 2 young (2048K), 2 survivors (2048K)
 Metaspace       used 25361K, committed 25600K, reserved 1114112K
  class space    used 3127K, committed 3264K, reserved 1048576K
}
Event: 2.204 GC heap before
{Heap before GC invocations=7 (full 0):
 garbage-first heap   total 51200K, used 35690K [0x0000000086000000, 0x0000000100000000)
  region size 1024K, 20 young (20480K), 2 survivors (2048K)
 Metaspace       used 28422K, committed 28864K, reserved 1114112K
  class space    used 3542K, committed 3776K, reserved 1048576K
}
Event: 2.208 GC heap after
{Heap after GC invocations=8 (full 0):
 garbage-first heap   total 97280K, used 18730K [0x0000000086000000, 0x0000000100000000)
  region size 1024K, 3 young (3072K), 3 survivors (3072K)
 Metaspace       used 28422K, committed 28864K, reserved 1114112K
  class space    used 3542K, committed 3776K, reserved 1048576K
}
Event: 2.814 GC heap before
{Heap before GC invocations=8 (full 0):
 garbage-first heap   total 97280K, used 73002K [0x0000000086000000, 0x0000000100000000)
  region size 1024K, 55 young (56320K), 3 survivors (3072K)
 Metaspace       used 34863K, committed 35264K, reserved 1114112K
  class space    used 4417K, committed 4608K, reserved 1048576K
}
Event: 2.821 GC heap after
{Heap after GC invocations=9 (full 0):
 garbage-first heap   total 97280K, used 21816K [0x0000000086000000, 0x0000000100000000)
  region size 1024K, 6 young (6144K), 6 survivors (6144K)
 Metaspace       used 34863K, committed 35264K, reserved 1114112K
  class space    used 4417K, committed 4608K, reserved 1048576K
}
Event: 2.867 GC heap before
{Heap before GC invocations=9 (full 0):
 garbage-first heap   total 97280K, used 24888K [0x0000000086000000, 0x0000000100000000)
  region size 1024K, 10 young (10240K), 6 survivors (6144K)
 Metaspace       used 35579K, committed 35968K, reserved 1114112K
  class space    used 4524K, committed 4736K, reserved 1048576K
}
Event: 2.873 GC heap after
{Heap after GC invocations=10 (full 0):
 garbage-first heap   total 97280K, used 22184K [0x0000000086000000, 0x0000000100000000)
  region size 1024K, 4 young (4096K), 4 survivors (4096K)
 Metaspace       used 35579K, committed 35968K, reserved 1114112K
  class space    used 4524K, committed 4736K, reserved 1048576K
}
Event: 3.371 GC heap before
{Heap before GC invocations=11 (full 0):
 garbage-first heap   total 81920K, used 66216K [0x0000000086000000, 0x0000000100000000)
  region size 1024K, 48 young (49152K), 4 survivors (4096K)
 Metaspace       used 42017K, committed 42496K, reserved 1114112K
  class space    used 5452K, committed 5696K, reserved 1048576K
}
Event: 3.379 GC heap after
{Heap after GC invocations=12 (full 0):
 garbage-first heap   total 81920K, used 28251K [0x0000000086000000, 0x0000000100000000)
  region size 1024K, 6 young (6144K), 6 survivors (6144K)
 Metaspace       used 42017K, committed 42496K, reserved 1114112K
  class space    used 5452K, committed 5696K, reserved 1048576K
}
Event: 3.900 GC heap before
{Heap before GC invocations=12 (full 0):
 garbage-first heap   total 81920K, used 61019K [0x0000000086000000, 0x0000000100000000)
  region size 1024K, 38 young (38912K), 6 survivors (6144K)
 Metaspace       used 46601K, committed 47104K, reserved 1114112K
  class space    used 6215K, committed 6464K, reserved 1048576K
}
Event: 3.904 GC heap after
{Heap after GC invocations=13 (full 0):
 garbage-first heap   total 81920K, used 31910K [0x0000000086000000, 0x0000000100000000)
  region size 1024K, 4 young (4096K), 4 survivors (4096K)
 Metaspace       used 46601K, committed 47104K, reserved 1114112K
  class space    used 6215K, committed 6464K, reserved 1048576K
}
Event: 8.804 GC heap before
{Heap before GC invocations=13 (full 0):
 garbage-first heap   total 81920K, used 61606K [0x0000000086000000, 0x0000000100000000)
  region size 1024K, 33 young (33792K), 4 survivors (4096K)
 Metaspace       used 52431K, committed 52992K, reserved 1114112K
  class space    used 6986K, committed 7296K, reserved 1048576K
}
Event: 8.807 GC heap after
{Heap after GC invocations=14 (full 0):
 garbage-first heap   total 81920K, used 34642K [0x0000000086000000, 0x0000000100000000)
  region size 1024K, 3 young (3072K), 3 survivors (3072K)
 Metaspace       used 52431K, committed 52992K, reserved 1114112K
  class space    used 6986K, committed 7296K, reserved 1048576K
}
Event: 436.478 GC heap before
{Heap before GC invocations=14 (full 0):
 garbage-first heap   total 81920K, used 63314K [0x0000000086000000, 0x0000000100000000)
  region size 1024K, 31 young (31744K), 3 survivors (3072K)
 Metaspace       used 56404K, committed 56960K, reserved 1114112K
  class space    used 7373K, committed 7680K, reserved 1048576K
}
Event: 436.514 GC heap after
{Heap after GC invocations=15 (full 0):
 garbage-first heap   total 81920K, used 36304K [0x0000000086000000, 0x0000000100000000)
  region size 1024K, 2 young (2048K), 2 survivors (2048K)
 Metaspace       used 56404K, committed 56960K, reserved 1114112K
  class space    used 7373K, committed 7680K, reserved 1048576K
}
Event: 1152.554 GC heap before
{Heap before GC invocations=15 (full 0):
 garbage-first heap   total 81920K, used 63952K [0x0000000086000000, 0x0000000100000000)
  region size 1024K, 29 young (29696K), 2 survivors (2048K)
 Metaspace       used 57227K, committed 57792K, reserved 1114112K
  class space    used 7373K, committed 7680K, reserved 1048576K
}
Event: 1152.576 GC heap after
{Heap after GC invocations=16 (full 0):
 garbage-first heap   total 81920K, used 36197K [0x0000000086000000, 0x0000000100000000)
  region size 1024K, 2 young (2048K), 2 survivors (2048K)
 Metaspace       used 57227K, committed 57792K, reserved 1114112K
  class space    used 7373K, committed 7680K, reserved 1048576K
}

