# JRE version: OpenJDK Runtime Environment Corretto-17.0.17.10.1 (17.0.17+10) (build 17.0.17+10-LTS)
# Java VM: OpenJDK 64-Bit Server VM Corretto-17.0.17.10.1 (17.0.17+10-LTS, mixed mode, emulated-client, sharing, tiered, compressed oops, compressed class ptrs, g1 gc, windows-amd64)
GC Precious Log:
 CPUs: 8 total, 8 available
 Memory: 7806M
 Large Page Support: Disabled
 NUMA Support: Disabled
 Compressed Oops: Enabled (32-bit)
 Heap Region Size: 1M
 Heap Min Capacity: 8M
 Heap Initial Capacity: 122M
 Heap Max Capacity: 1952M
 Pre-touch: Disabled
 Parallel Workers: 8
 Concurrent Workers: 2
 Concurrent Refinement Workers: 8
 Periodic GC: Disabled
Heap:
 garbage-first heap   total 198656K, used 73117K [0x0000000086000000, 0x0000000100000000)
  region size 1024K, 2 young (2048K), 2 survivors (2048K)
 Metaspace       used 102313K, committed 103040K, reserved 1179648K
  class space    used 14295K, committed 14592K, reserved 1048576K
GC Heap History (20 events):
Event: 18826.017 GC heap after
{Heap after GC invocations=92 (full 0):
 garbage-first heap   total 198656K, used 61074K [0x0000000086000000, 0x0000000100000000)
  region size 1024K, 2 young (2048K), 2 survivors (2048K)
 Metaspace       used 102179K, committed 103040K, reserved 1179648K
  class space    used 14264K, committed 14592K, reserved 1048576K
}
Event: 20266.410 GC heap before
{Heap before GC invocations=92 (full 0):
 garbage-first heap   total 198656K, used 171666K [0x0000000086000000, 0x0000000100000000)
  region size 1024K, 110 young (112640K), 2 survivors (2048K)
 Metaspace       used 102195K, committed 103040K, reserved 1179648K
  class space    used 14267K, committed 14592K, reserved 1048576K
}
Event: 20266.483 GC heap after
{Heap after GC invocations=93 (full 0):
 garbage-first heap   total 198656K, used 61250K [0x0000000086000000, 0x0000000100000000)
  region size 1024K, 2 young (2048K), 2 survivors (2048K)
 Metaspace       used 102195K, committed 103040K, reserved 1179648K
  class space    used 14267K, committed 14592K, reserved 1048576K
}
Event: 20330.640 GC heap before
{Heap before GC invocations=94 (full 0):
 garbage-first heap   total 198656K, used 170818K [0x0000000086000000, 0x0000000100000000)
  region size 1024K, 110 young (112640K), 2 survivors (2048K)
 Metaspace       used 102269K, committed 103040K, reserved 1179648K
  class space    used 14281K, committed 14592K, reserved 1048576K
}
Event: 20330.771 GC heap after
{Heap after GC invocations=95 (full 0):
 garbage-first heap   total 198656K, used 64473K [0x0000000086000000, 0x0000000100000000)
  region size 1024K, 5 young (5120K), 5 survivors (5120K)
 Metaspace       used 102269K, committed 103040K, reserved 1179648K
  class space    used 14281K, committed 14592K, reserved 1048576K
}
Event: 20330.800 GC heap before
{Heap before GC invocations=95 (full 0):
 garbage-first heap   total 198656K, used 68569K [0x0000000086000000, 0x0000000100000000)
  region size 1024K, 9 young (9216K), 5 survivors (5120K)
 Metaspace       used 102269K, committed 103040K, reserved 1179648K
  class space    used 14281K, committed 14592K, reserved 1048576K
}
Event: 20331.103 GC heap after
{Heap after GC invocations=96 (full 0):
 garbage-first heap   total 198656K, used 65401K [0x0000000086000000, 0x0000000100000000)
  region size 1024K, 2 young (2048K), 2 survivors (2048K)
 Metaspace       used 102269K, committed 103040K, reserved 1179648K
  class space    used 14281K, committed 14592K, reserved 1048576K
}
Event: 20779.310 GC heap before
{Heap before GC invocations=96 (full 0):
 garbage-first heap   total 198656K, used 169849K [0x0000000086000000, 0x0000000100000000)
  region size 1024K, 104 young (106496K), 2 survivors (2048K)
 Metaspace       used 102271K, committed 103040K, reserved 1179648K
  class space    used 14282K, committed 14592K, reserved 1048576K
}
Event: 20779.373 GC heap after
{Heap after GC invocations=97 (full 0):
 garbage-first heap   total 198656K, used 70439K [0x0000000086000000, 0x0000000100000000)
  region size 1024K, 7 young (7168K), 7 survivors (7168K)
 Metaspace       used 102271K, committed 103040K, reserved 1179648K
  class space    used 14282K, committed 14592K, reserved 1048576K
}
Event: 20780.613 GC heap before
{Heap before GC invocations=98 (full 0):
 garbage-first heap   total 198656K, used 86823K [0x0000000086000000, 0x0000000100000000)
  region size 1024K, 23 young (23552K), 7 survivors (7168K)
 Metaspace       used 102248K, committed 103040K, reserved 1179648K
  class space    used 14277K, committed 14592K, reserved 1048576K
}
Event: 20780.625 GC heap after
{Heap after GC invocations=99 (full 0):
 garbage-first heap   total 198656K, used 69751K [0x0000000086000000, 0x0000000100000000)
  region size 1024K, 3 young (3072K), 3 survivors (3072K)
 Metaspace       used 102248K, committed 103040K, reserved 1179648K
  class space    used 14277K, committed 14592K, reserved 1048576K
}
Event: 20780.643 GC heap before
{Heap before GC invocations=99 (full 0):
 garbage-first heap   total 198656K, used 75895K [0x0000000086000000, 0x0000000100000000)
  region size 1024K, 9 young (9216K), 3 survivors (3072K)
 Metaspace       used 102248K, committed 103040K, reserved 1179648K
  class space    used 14277K, committed 14592K, reserved 1048576K
}
Event: 20780.648 GC heap after
{Heap after GC invocations=100 (full 0):
 garbage-first heap   total 198656K, used 70019K [0x0000000086000000, 0x0000000100000000)
  region size 1024K, 1 young (1024K), 1 survivors (1024K)
 Metaspace       used 102248K, committed 103040K, reserved 1179648K
  class space    used 14277K, committed 14592K, reserved 1048576K
}
Event: 20913.534 GC heap before
{Heap before GC invocations=100 (full 0):
 garbage-first heap   total 198656K, used 163203K [0x0000000086000000, 0x0000000100000000)
  region size 1024K, 92 young (94208K), 1 survivors (1024K)
 Metaspace       used 102321K, committed 103040K, reserved 1179648K
  class space    used 14297K, committed 14592K, reserved 1048576K
}
Event: 20913.604 GC heap after
{Heap after GC invocations=101 (full 0):
 garbage-first heap   total 198656K, used 76421K [0x0000000086000000, 0x0000000100000000)
  region size 1024K, 8 young (8192K), 8 survivors (8192K)
 Metaspace       used 102321K, committed 103040K, reserved 1179648K
  class space    used 14297K, committed 14592K, reserved 1048576K
}
Event: 21018.544 GC heap before
{Heap before GC invocations=102 (full 0):
 garbage-first heap   total 198656K, used 160389K [0x0000000086000000, 0x0000000100000000)
  region size 1024K, 91 young (93184K), 8 survivors (8192K)
 Metaspace       used 102309K, committed 103040K, reserved 1179648K
  class space    used 14294K, committed 14592K, reserved 1048576K
}
Event: 21018.569 GC heap after
{Heap after GC invocations=103 (full 0):
 garbage-first heap   total 198656K, used 75394K [0x0000000086000000, 0x0000000100000000)
  region size 1024K, 6 young (6144K), 6 survivors (6144K)
 Metaspace       used 102309K, committed 103040K, reserved 1179648K
  class space    used 14294K, committed 14592K, reserved 1048576K
}
Event: 21018.583 GC heap before
{Heap before GC invocations=103 (full 0):
 garbage-first heap   total 198656K, used 78466K [0x0000000086000000, 0x0000000100000000)
  region size 1024K, 9 young (9216K), 6 survivors (6144K)
 Metaspace       used 102309K, committed 103040K, reserved 1179648K
  class space    used 14294K, committed 14592K, reserved 1048576K
}
Event: 21018.600 GC heap after
{Heap after GC invocations=104 (full 0):
 garbage-first heap   total 198656K, used 73172K [0x0000000086000000, 0x0000000100000000)
  region size 1024K, 2 young (2048K), 2 survivors (2048K)
 Metaspace       used 102309K, committed 103040K, reserved 1179648K
  class space    used 14294K, committed 14592K, reserved 1048576K
}
Event: 21045.434 GC heap before
{Heap before GC invocations=104 (full 0):
 garbage-first heap   total 198656K, used 160212K [0x0000000086000000, 0x0000000100000000)
  region size 1024K, 87 young (89088K), 2 survivors (2048K)
 Metaspace       used 102313K, committed 103040K, reserved 1179648K
  class space    used 14295K, committed 14592K, reserved 1048576K
}

