# JRE version: OpenJDK Runtime Environment Corretto-17.0.16.8.1 (17.0.16+8) (build 17.0.16+8-LTS)
# Java VM: OpenJDK 64-Bit Server VM Corretto-17.0.16.8.1 (17.0.16+8-LTS, mixed mode, emulated-client, sharing, tiered, compressed oops, compressed class ptrs, g1 gc, windows-amd64)
GC Precious Log:
 CPUs: 12 total, 12 available
 Memory: 15926M
 Large Page Support: Disabled
 NUMA Support: Disabled
 Compressed Oops: Enabled (Zero based)
 Heap Region Size: 2M
 Heap Min Capacity: 8M
 Heap Initial Capacity: 250M
 Heap Max Capacity: 3982M
 Pre-touch: Disabled
 Parallel Workers: 10
 Concurrent Workers: 3
 Concurrent Refinement Workers: 10
 Periodic GC: Disabled
Heap:
 garbage-first heap   total 342016K, used 112229K [0x0000000707200000, 0x0000000800000000)
  region size 2048K, 11 young (22528K), 11 survivors (22528K)
 Metaspace       used 89789K, committed 90944K, reserved 1179648K
  class space    used 13056K, committed 13504K, reserved 1048576K
GC Heap History (20 events):
Event: 923.136 GC heap after
{Heap after GC invocations=60 (full 0):
 garbage-first heap   total 342016K, used 112171K [0x0000000707200000, 0x0000000800000000)
  region size 2048K, 1 young (2048K), 1 survivors (2048K)
 Metaspace       used 89744K, committed 90944K, reserved 1179648K
  class space    used 13048K, committed 13504K, reserved 1048576K
}
Event: 924.898 GC heap before
{Heap before GC invocations=60 (full 0):
 garbage-first heap   total 342016K, used 247339K [0x0000000707200000, 0x0000000800000000)
  region size 2048K, 67 young (137216K), 1 survivors (2048K)
 Metaspace       used 89745K, committed 90944K, reserved 1179648K
  class space    used 13048K, committed 13504K, reserved 1048576K
}
Event: 924.909 GC heap after
{Heap after GC invocations=61 (full 0):
 garbage-first heap   total 342016K, used 130714K [0x0000000707200000, 0x0000000800000000)
  region size 2048K, 9 young (18432K), 9 survivors (18432K)
 Metaspace       used 89745K, committed 90944K, reserved 1179648K
  class space    used 13048K, committed 13504K, reserved 1048576K
}
Event: 926.585 GC heap before
{Heap before GC invocations=62 (full 0):
 garbage-first heap   total 342016K, used 219526K [0x0000000707200000, 0x0000000800000000)
  region size 2048K, 69 young (141312K), 9 survivors (18432K)
 Metaspace       used 89733K, committed 90944K, reserved 1179648K
  class space    used 13045K, committed 13504K, reserved 1048576K
}
Event: 926.594 GC heap after
{Heap after GC invocations=63 (full 0):
 garbage-first heap   total 342016K, used 100056K [0x0000000707200000, 0x0000000800000000)
  region size 2048K, 8 young (16384K), 8 survivors (16384K)
 Metaspace       used 89733K, committed 90944K, reserved 1179648K
  class space    used 13045K, committed 13504K, reserved 1048576K
}
Event: 926.609 GC heap before
{Heap before GC invocations=63 (full 0):
 garbage-first heap   total 342016K, used 102104K [0x0000000707200000, 0x0000000800000000)
  region size 2048K, 9 young (18432K), 8 survivors (16384K)
 Metaspace       used 89733K, committed 90944K, reserved 1179648K
  class space    used 13045K, committed 13504K, reserved 1048576K
}
Event: 926.616 GC heap after
{Heap after GC invocations=64 (full 0):
 garbage-first heap   total 342016K, used 91088K [0x0000000707200000, 0x0000000800000000)
  region size 2048K, 1 young (2048K), 1 survivors (2048K)
 Metaspace       used 89733K, committed 90944K, reserved 1179648K
  class space    used 13045K, committed 13504K, reserved 1048576K
}
Event: 1011.240 GC heap before
{Heap before GC invocations=64 (full 0):
 garbage-first heap   total 342016K, used 242640K [0x0000000707200000, 0x0000000800000000)
  region size 2048K, 75 young (153600K), 1 survivors (2048K)
 Metaspace       used 89738K, committed 90944K, reserved 1179648K
  class space    used 13047K, committed 13504K, reserved 1048576K
}
Event: 1011.247 GC heap after
{Heap after GC invocations=65 (full 0):
 garbage-first heap   total 342016K, used 95909K [0x0000000707200000, 0x0000000800000000)
  region size 2048K, 4 young (8192K), 4 survivors (8192K)
 Metaspace       used 89738K, committed 90944K, reserved 1179648K
  class space    used 13047K, committed 13504K, reserved 1048576K
}
Event: 1013.011 GC heap before
{Heap before GC invocations=66 (full 0):
 garbage-first heap   total 342016K, used 245022K [0x0000000707200000, 0x0000000800000000)
  region size 2048K, 79 young (161792K), 4 survivors (8192K)
 Metaspace       used 89738K, committed 90944K, reserved 1179648K
  class space    used 13047K, committed 13504K, reserved 1048576K
}
Event: 1013.024 GC heap after
{Heap after GC invocations=67 (full 0):
 garbage-first heap   total 342016K, used 99950K [0x0000000707200000, 0x0000000800000000)
  region size 2048K, 8 young (16384K), 8 survivors (16384K)
 Metaspace       used 89738K, committed 90944K, reserved 1179648K
  class space    used 13047K, committed 13504K, reserved 1048576K
}
Event: 1013.055 GC heap before
{Heap before GC invocations=67 (full 0):
 garbage-first heap   total 342016K, used 101998K [0x0000000707200000, 0x0000000800000000)
  region size 2048K, 9 young (18432K), 8 survivors (16384K)
 Metaspace       used 89738K, committed 90944K, reserved 1179648K
  class space    used 13047K, committed 13504K, reserved 1048576K
}
Event: 1013.070 GC heap after
{Heap after GC invocations=68 (full 0):
 garbage-first heap   total 342016K, used 98671K [0x0000000707200000, 0x0000000800000000)
  region size 2048K, 2 young (4096K), 2 survivors (4096K)
 Metaspace       used 89738K, committed 90944K, reserved 1179648K
  class space    used 13047K, committed 13504K, reserved 1048576K
}
Event: 1014.849 GC heap before
{Heap before GC invocations=68 (full 0):
 garbage-first heap   total 342016K, used 250223K [0x0000000707200000, 0x0000000800000000)
  region size 2048K, 77 young (157696K), 2 survivors (4096K)
 Metaspace       used 89738K, committed 90944K, reserved 1179648K
  class space    used 13047K, committed 13504K, reserved 1048576K
}
Event: 1014.857 GC heap after
{Heap after GC invocations=69 (full 0):
 garbage-first heap   total 342016K, used 112604K [0x0000000707200000, 0x0000000800000000)
  region size 2048K, 9 young (18432K), 9 survivors (18432K)
 Metaspace       used 89738K, committed 90944K, reserved 1179648K
  class space    used 13047K, committed 13504K, reserved 1048576K
}
Event: 48070.083 GC heap before
{Heap before GC invocations=70 (full 0):
 garbage-first heap   total 342016K, used 243676K [0x0000000707200000, 0x0000000800000000)
  region size 2048K, 79 young (161792K), 9 survivors (18432K)
 Metaspace       used 89789K, committed 90944K, reserved 1179648K
  class space    used 13056K, committed 13504K, reserved 1048576K
}
Event: 48070.237 GC heap after
{Heap after GC invocations=71 (full 0):
 garbage-first heap   total 342016K, used 93051K [0x0000000707200000, 0x0000000800000000)
  region size 2048K, 4 young (8192K), 4 survivors (8192K)
 Metaspace       used 89789K, committed 90944K, reserved 1179648K
  class space    used 13056K, committed 13504K, reserved 1048576K
}
Event: 48070.427 GC heap before
{Heap before GC invocations=71 (full 0):
 garbage-first heap   total 342016K, used 101243K [0x0000000707200000, 0x0000000800000000)
  region size 2048K, 8 young (16384K), 4 survivors (8192K)
 Metaspace       used 89789K, committed 90944K, reserved 1179648K
  class space    used 13056K, committed 13504K, reserved 1048576K
}
Event: 48070.448 GC heap after
{Heap after GC invocations=72 (full 0):
 garbage-first heap   total 342016K, used 89563K [0x0000000707200000, 0x0000000800000000)
  region size 2048K, 1 young (2048K), 1 survivors (2048K)
 Metaspace       used 89789K, committed 90944K, reserved 1179648K
  class space    used 13056K, committed 13504K, reserved 1048576K
}
Event: 48077.371 GC heap before
{Heap before GC invocations=72 (full 0):
 garbage-first heap   total 342016K, used 255451K [0x0000000707200000, 0x0000000800000000)
  region size 2048K, 82 young (167936K), 1 survivors (2048K)
 Metaspace       used 89789K, committed 90944K, reserved 1179648K
  class space    used 13056K, committed 13504K, reserved 1048576K
}

